<?xml version="1.0" encoding="UTF-8"?>
<!-- Generated by org.testng.reporters.JUnitReportReporter -->
<testsuite hostname="LAPTOP-L42CN0MH" failures="0" tests="2" name="Framework.E2EProject.Validation_Landingpage" time="0.243" errors="0" timestamp="06 Jul 2020 19:07:44 GMT" skipped="0">
  <testcase classname="Framework.E2EProject.Validation_Landingpage" name="ValidateTitle" time="0.052"/>
  <testcase classname="Framework.E2EProject.Validation_Landingpage" name="ValidateNavigationBar" time="0.191"/>
</testsuite> <!-- Framework.E2EProject.Validation_Landingpage -->
