<?xml version="1.0" encoding="UTF-8"?>
<!-- Generated by org.testng.reporters.JUnitReportReporter -->
<testsuite hostname="LAPTOP-L42CN0MH" failures="0" tests="2" name="Framework.E2EProject.HomePage" time="18.179" errors="0" timestamp="06 Jul 2020 19:07:44 GMT" skipped="0">
  <testcase classname="Framework.E2EProject.HomePage" name="basePageNavigation" time="8.464"/>
  <testcase classname="Framework.E2EProject.HomePage" name="basePageNavigation" time="9.715"/>
</testsuite> <!-- Framework.E2EProject.HomePage -->
