<?xml version="1.0" encoding="UTF-8"?>
<!-- Generated by org.testng.reporters.JUnitReportReporter -->
<testsuite hostname="LAPTOP-L42CN0MH" failures="0" tests="1" name="Framework.E2EProject.ValidateTitle" time="6.992" errors="0" timestamp="28 Jun 2020 18:59:25 GMT" skipped="0">
  <testcase classname="Framework.E2EProject.ValidateTitle" name="basePageNavigation" time="6.992"/>
</testsuite> <!-- Framework.E2EProject.ValidateTitle -->
