<?xml version="1.0" encoding="UTF-8"?>
<!-- Generated by org.testng.reporters.JUnitReportReporter -->
<testsuite hostname="LAPTOP-L42CN0MH" failures="0" tests="2" name="Framework.E2EProject.HomePage" time="17.712" errors="0" timestamp="2020-07-02T21:02:39 BST" skipped="0">
  <testcase classname="Framework.E2EProject.HomePage" name="basePageNavigation" time="7.809"/>
  <system-out/>
  <testcase classname="Framework.E2EProject.HomePage" name="basePageNavigation" time="9.903"/>
  <system-out/>
</testsuite> <!-- Framework.E2EProject.HomePage -->
