<?xml version="1.0" encoding="UTF-8"?>
<!-- Generated by org.testng.reporters.JUnitReportReporter -->
<testsuite hostname="LAPTOP-L42CN0MH" failures="0" tests="2" name="Framework.E2EProject.Validation_Landingpage" time="0.237" errors="0" timestamp="2020-07-02T21:02:39 BST" skipped="0">
  <testcase classname="Framework.E2EProject.Validation_Landingpage" name="ValidateTitle" time="0.034"/>
  <system-out/>
  <testcase classname="Framework.E2EProject.Validation_Landingpage" name="ValidateNavigationBar" time="0.203"/>
  <system-out/>
</testsuite> <!-- Framework.E2EProject.Validation_Landingpage -->
